<?xml version="1.0" encoding="UTF-8"?>
<testsuite xmlns:xsi="http://www.w3.org/2001/XMLSchema-instance" xsi:noNamespaceSchemaLocation="https://maven.apache.org/surefire/maven-surefire-plugin/xsd/surefire-test-report-3.0.xsd" version="3.0" name="pixelart.ui.GridControllerTest" time="0.873" tests="3" errors="0" skipped="0" failures="0">
  <properties>
[...]
</properties>
  <testcase name="saveToServerTest" classname="pixelart.ui.GridControllerTest" time="0.575"/>
  <testcase name="colorManagementTest" classname="pixelart.ui.GridControllerTest" time="0.002"/>
  <testcase name="testInitializeGridPane" classname="pixelart.ui.GridControllerTest" time="0.291"/>
</testsuite>